Compiling ./vehicles/RCCarAckermanWithRemoteSensor/RCCarAckermanWithRemoteSensor.ino...
Sketch uses 941623 bytes (71%) of program storage space. Maximum is 1310720 bytes.
Global variables use 47244 bytes (14%) of dynamic memory, leaving 280436 bytes for local variables. Maximum is 327680 bytes.
SUCCESS: ./vehicles/RCCarAckermanWithRemoteSensor/RCCarAckermanWithRemoteSensor.ino
-----------------------------
Compiling ./vehicles/RCCarAckerman/RCCarAckerman.ino...
Sketch uses 925587 bytes (70%) of program storage space. Maximum is 1310720 bytes.
Global variables use 47140 bytes (14%) of dynamic memory, leaving 280540 bytes for local variables. Maximum is 327680 bytes.
SUCCESS: ./vehicles/RCCarAckerman/RCCarAckerman.ino
-----------------------------
Compiling ./motors/generic-servo/generic-servo.ino...
Sketch uses 290943 bytes (22%) of program storage space. Maximum is 1310720 bytes.
Global variables use 22480 bytes (6%) of dynamic memory, leaving 305200 bytes for local variables. Maximum is 327680 bytes.
SUCCESS: ./motors/generic-servo/generic-servo.ino
-----------------------------
Compiling ./motors/std-motors/std-motors.ino...
Sketch uses 295819 bytes (22%) of program storage space. Maximum is 1310720 bytes.
Global variables use 22616 bytes (6%) of dynamic memory, leaving 305064 bytes for local variables. Maximum is 327680 bytes.
SUCCESS: ./motors/std-motors/std-motors.ino
-----------------------------
Compiling ./sensors/WheelEncoder/WheelEncoder.ino...
Sketch uses 288076 bytes (21%) of program storage space. Maximum is 1310720 bytes.
Global variables use 22676 bytes (6%) of dynamic memory, leaving 305004 bytes for local variables. Maximum is 327680 bytes.
SUCCESS: ./sensors/WheelEncoder/WheelEncoder.ino
-----------------------------
Compiling ./sensors/CameraLineFollower/CameraLineFollower.ino...
Sketch uses 370837 bytes (28%) of program storage space. Maximum is 1310720 bytes.
Global variables use 34124 bytes (10%) of dynamic memory, leaving 293556 bytes for local variables. Maximum is 327680 bytes.
SUCCESS: ./sensors/CameraLineFollower/CameraLineFollower.ino
-----------------------------
Compiling ./sensors/RangeSensor/RangeSensor.ino...
Sketch uses 301852 bytes (23%) of program storage space. Maximum is 1310720 bytes.
Global variables use 22284 bytes (6%) of dynamic memory, leaving 305396 bytes for local variables. Maximum is 327680 bytes.
SUCCESS: ./sensors/RangeSensor/RangeSensor.ino
-----------------------------
Compiling ./others/task/task.ino...
Sketch uses 285403 bytes (21%) of program storage space. Maximum is 1310720 bytes.
Global variables use 22340 bytes (6%) of dynamic memory, leaving 305340 bytes for local variables. Maximum is 327680 bytes.
SUCCESS: ./others/task/task.ino
-----------------------------
Compiling ./others/units/units.ino...
Sketch uses 281320 bytes (21%) of program storage space. Maximum is 1310720 bytes.
Global variables use 22076 bytes (6%) of dynamic memory, leaving 305604 bytes for local variables. Maximum is 327680 bytes.
SUCCESS: ./others/units/units.ino
-----------------------------
Compiling ./others/compile/compile.ino...
Sketch uses 266364 bytes (20%) of program storage space. Maximum is 1310720 bytes.
Global variables use 22068 bytes (6%) of dynamic memory, leaving 305612 bytes for local variables. Maximum is 327680 bytes.
SUCCESS: ./others/compile/compile.ino
-----------------------------
Compiling ./imu/imu2d/imu2d.ino...
Sketch uses 334548 bytes (25%) of program storage space. Maximum is 1310720 bytes.
Global variables use 23756 bytes (7%) of dynamic memory, leaving 303924 bytes for local variables. Maximum is 327680 bytes.
SUCCESS: ./imu/imu2d/imu2d.ino
-----------------------------
Compiling ./coordinates&frames/record-gps/record-gps.ino...
Sketch uses 296060 bytes (22%) of program storage space. Maximum is 1310720 bytes.
Global variables use 22116 bytes (6%) of dynamic memory, leaving 305564 bytes for local variables. Maximum is 327680 bytes.
SUCCESS: ./coordinates&frames/record-gps/record-gps.ino
-----------------------------
Compiling ./coordinates&frames/frame2d/frame2d.ino...
Sketch uses 298063 bytes (22%) of program storage space. Maximum is 1310720 bytes.
Global variables use 22348 bytes (6%) of dynamic memory, leaving 305332 bytes for local variables. Maximum is 327680 bytes.
SUCCESS: ./coordinates&frames/frame2d/frame2d.ino
-----------------------------
Compiling ./coordinates&frames/frame3d/frame3d.ino...
Sketch uses 289480 bytes (22%) of program storage space. Maximum is 1310720 bytes.
Global variables use 22260 bytes (6%) of dynamic memory, leaving 305420 bytes for local variables. Maximum is 327680 bytes.
SUCCESS: ./coordinates&frames/frame3d/frame3d.ino
-----------------------------
Compiling ./communication/integration/IP-receive/IP-receive.ino...
Sketch uses 906600 bytes (69%) of program storage space. Maximum is 1310720 bytes.
Global variables use 46640 bytes (14%) of dynamic memory, leaving 281040 bytes for local variables. Maximum is 327680 bytes.
SUCCESS: ./communication/integration/IP-receive/IP-receive.ino
-----------------------------
Compiling ./communication/integration/IR-send/IR-send.ino...
Sketch uses 301846 bytes (23%) of program storage space. Maximum is 1310720 bytes.
Global variables use 22636 bytes (6%) of dynamic memory, leaving 305044 bytes for local variables. Maximum is 327680 bytes.
SUCCESS: ./communication/integration/IR-send/IR-send.ino
-----------------------------
Compiling ./communication/integration/UDP-send/UDP-send.ino...
Sketch uses 900147 bytes (68%) of program storage space. Maximum is 1310720 bytes.
Global variables use 47192 bytes (14%) of dynamic memory, leaving 280488 bytes for local variables. Maximum is 327680 bytes.
SUCCESS: ./communication/integration/UDP-send/UDP-send.ino
-----------------------------
Compiling ./communication/integration/MQTT-receive/MQTT-receive.ino...
Sketch uses 907836 bytes (69%) of program storage space. Maximum is 1310720 bytes.
Global variables use 46688 bytes (14%) of dynamic memory, leaving 280992 bytes for local variables. Maximum is 327680 bytes.
SUCCESS: ./communication/integration/MQTT-receive/MQTT-receive.ino
-----------------------------
Compiling ./communication/integration/Serial-send/Serial-send.ino...
Sketch uses 281239 bytes (21%) of program storage space. Maximum is 1310720 bytes.
Global variables use 22220 bytes (6%) of dynamic memory, leaving 305460 bytes for local variables. Maximum is 327680 bytes.
SUCCESS: ./communication/integration/Serial-send/Serial-send.ino
-----------------------------
Compiling ./communication/integration/RF455MHz-send/RF455MHz-send.ino...
Sketch uses 293043 bytes (22%) of program storage space. Maximum is 1310720 bytes.
Global variables use 22420 bytes (6%) of dynamic memory, leaving 305260 bytes for local variables. Maximum is 327680 bytes.
SUCCESS: ./communication/integration/RF455MHz-send/RF455MHz-send.ino
-----------------------------
Compiling ./communication/integration/RF455MHz-receive/RF455MHz-receive.ino...
Sketch uses 297532 bytes (22%) of program storage space. Maximum is 1310720 bytes.
Global variables use 22804 bytes (6%) of dynamic memory, leaving 304876 bytes for local variables. Maximum is 327680 bytes.
SUCCESS: ./communication/integration/RF455MHz-receive/RF455MHz-receive.ino
-----------------------------
Compiling ./communication/integration/LORA-receive/LORA-receive.ino...
Sketch uses 355879 bytes (27%) of program storage space. Maximum is 1310720 bytes.
Global variables use 23560 bytes (7%) of dynamic memory, leaving 304120 bytes for local variables. Maximum is 327680 bytes.
SUCCESS: ./communication/integration/LORA-receive/LORA-receive.ino
-----------------------------
Compiling ./communication/integration/IP-send/IP-send.ino...
Sketch uses 900983 bytes (68%) of program storage space. Maximum is 1310720 bytes.
Global variables use 46704 bytes (14%) of dynamic memory, leaving 280976 bytes for local variables. Maximum is 327680 bytes.
SUCCESS: ./communication/integration/IP-send/IP-send.ino
-----------------------------
Compiling ./communication/integration/ESPNow-receive/ESPNow-receive.ino...
Sketch uses 930756 bytes (71%) of program storage space. Maximum is 1310720 bytes.
Global variables use 45728 bytes (13%) of dynamic memory, leaving 281952 bytes for local variables. Maximum is 327680 bytes.
SUCCESS: ./communication/integration/ESPNow-receive/ESPNow-receive.ino
-----------------------------
Compiling ./communication/integration/MQTT-send/MQTT-send.ino...
Sketch uses 904835 bytes (69%) of program storage space. Maximum is 1310720 bytes.
Global variables use 46808 bytes (14%) of dynamic memory, leaving 280872 bytes for local variables. Maximum is 327680 bytes.
SUCCESS: ./communication/integration/MQTT-send/MQTT-send.ino
-----------------------------
Compiling ./communication/integration/UDP-receive/UDP-receive.ino...
Sketch uses 901872 bytes (68%) of program storage space. Maximum is 1310720 bytes.
Global variables use 47088 bytes (14%) of dynamic memory, leaving 280592 bytes for local variables. Maximum is 327680 bytes.
SUCCESS: ./communication/integration/UDP-receive/UDP-receive.ino
-----------------------------
Compiling ./communication/integration/IR-receive/IR-receive.ino...
Sketch uses 297516 bytes (22%) of program storage space. Maximum is 1310720 bytes.
Global variables use 22804 bytes (6%) of dynamic memory, leaving 304876 bytes for local variables. Maximum is 327680 bytes.
SUCCESS: ./communication/integration/IR-receive/IR-receive.ino
-----------------------------
Compiling ./communication/integration/Serial-receive/Serial-receive.ino...
Sketch uses 283728 bytes (21%) of program storage space. Maximum is 1310720 bytes.
Global variables use 22108 bytes (6%) of dynamic memory, leaving 305572 bytes for local variables. Maximum is 327680 bytes.
SUCCESS: ./communication/integration/Serial-receive/Serial-receive.ino
-----------------------------
Compiling ./communication/integration/LORA-send/LORA-send.ino...
Sketch uses 353262 bytes (26%) of program storage space. Maximum is 1310720 bytes.
Global variables use 23676 bytes (7%) of dynamic memory, leaving 304004 bytes for local variables. Maximum is 327680 bytes.
SUCCESS: ./communication/integration/LORA-send/LORA-send.ino
-----------------------------
Compiling ./communication/integration/ESPNow-send/ESPNow-send.ino...
Sketch uses 928523 bytes (70%) of program storage space. Maximum is 1310720 bytes.
Global variables use 45832 bytes (13%) of dynamic memory, leaving 281848 bytes for local variables. Maximum is 327680 bytes.
SUCCESS: ./communication/integration/ESPNow-send/ESPNow-send.ino
-----------------------------
Compiling ./communication/remote-control/remote-control.ino...
Sketch uses 948743 bytes (72%) of program storage space. Maximum is 1310720 bytes.
Global variables use 46188 bytes (14%) of dynamic memory, leaving 281492 bytes for local variables. Maximum is 327680 bytes.
SUCCESS: ./communication/remote-control/remote-control.ino
-----------------------------
Compiling ./communication/micro-ros/micro-ros.ino...
Library micro_ros_arduino has been declared precompiled:
Using precompiled library in /home/pschatzmann/Development/Arduino/libraries/micro_ros_arduino/src/esp32
Sketch uses 1020526 bytes (77%) of program storage space. Maximum is 1310720 bytes.
Global variables use 77232 bytes (23%) of dynamic memory, leaving 250448 bytes for local variables. Maximum is 327680 bytes.
SUCCESS: ./communication/micro-ros/micro-ros.ino
-----------------------------
Compiling ./communication/publish-serial/publish-serial.ino...
Sketch uses 303367 bytes (23%) of program storage space. Maximum is 1310720 bytes.
Global variables use 22576 bytes (6%) of dynamic memory, leaving 305104 bytes for local variables. Maximum is 327680 bytes.
SUCCESS: ./communication/publish-serial/publish-serial.ino
-----------------------------
Compiling ./communication/messagebus/messagebus.ino...
Sketch uses 932710 bytes (71%) of program storage space. Maximum is 1310720 bytes.
Global variables use 47744 bytes (14%) of dynamic memory, leaving 279936 bytes for local variables. Maximum is 327680 bytes.
SUCCESS: ./communication/messagebus/messagebus.ino
-----------------------------
Compiling ./control/control-simple/control-simple.ino...
Sketch uses 322527 bytes (24%) of program storage space. Maximum is 1310720 bytes.
Global variables use 23024 bytes (7%) of dynamic memory, leaving 304656 bytes for local variables. Maximum is 327680 bytes.
SUCCESS: ./control/control-simple/control-simple.ino
-----------------------------
Compiling ./control/control/control.ino...
Sketch uses 332355 bytes (25%) of program storage space. Maximum is 1310720 bytes.
Global variables use 23192 bytes (7%) of dynamic memory, leaving 304488 bytes for local variables. Maximum is 327680 bytes.
SUCCESS: ./control/control/control.ino
-----------------------------
Compiling ./maps&planning/gridmap-dijkstra/gridmap-dijkstra.ino...
Sketch uses 298591 bytes (22%) of program storage space. Maximum is 1310720 bytes.
Global variables use 22340 bytes (6%) of dynamic memory, leaving 305340 bytes for local variables. Maximum is 327680 bytes.
SUCCESS: ./maps&planning/gridmap-dijkstra/gridmap-dijkstra.ino
-----------------------------
Compiling ./maps&planning/gridmap-astar/gridmap-astar.ino...
Sketch uses 300995 bytes (22%) of program storage space. Maximum is 1310720 bytes.
Global variables use 22348 bytes (6%) of dynamic memory, leaving 305332 bytes for local variables. Maximum is 327680 bytes.
SUCCESS: ./maps&planning/gridmap-astar/gridmap-astar.ino
-----------------------------
Compiling ./maps&planning/plannedpath/plannedpath.ino...
Sketch uses 287468 bytes (21%) of program storage space. Maximum is 1310720 bytes.
Global variables use 22140 bytes (6%) of dynamic memory, leaving 305540 bytes for local variables. Maximum is 327680 bytes.
SUCCESS: ./maps&planning/plannedpath/plannedpath.ino
-----------------------------
Compiling ./maps&planning/pointcloud-astar/pointcloud-astar.ino...
Sketch uses 302340 bytes (23%) of program storage space. Maximum is 1310720 bytes.
Global variables use 22268 bytes (6%) of dynamic memory, leaving 305412 bytes for local variables. Maximum is 327680 bytes.
SUCCESS: ./maps&planning/pointcloud-astar/pointcloud-astar.ino
-----------------------------
Compiling ./maps&planning/pathmap-astar/pathmap-astar.ino...
Sketch uses 299951 bytes (22%) of program storage space. Maximum is 1310720 bytes.
Global variables use 22452 bytes (6%) of dynamic memory, leaving 305228 bytes for local variables. Maximum is 327680 bytes.
SUCCESS: ./maps&planning/pathmap-astar/pathmap-astar.ino
-----------------------------
Summary: 41 successful, 0 errors.
