Compiling ./others/compile/compile.ino for esp32:esp32:esp32...
Sketch uses 266324 bytes (20%) of program storage space. Maximum is 1310720 bytes.
Global variables use 22068 bytes (6%) of dynamic memory, leaving 305612 bytes for local variables. Maximum is 327680 bytes.
SUCCESS: ./others/compile/compile.ino (esp32:esp32:esp32)
-----------------------------
Compiling ./others/compile/compile.ino for esp8266:esp8266:arduino-esp8266...
/home/pschatzmann/.arduino15/packages/esp8266/hardware/esp8266/3.1.2/tools/elf2bin.py:54: SyntaxWarning: invalid escape sequence '\s'
  words = re.split('\s+', line)
/home/pschatzmann/.arduino15/packages/esp8266/hardware/esp8266/3.1.2/tools/elf2bin.py:73: SyntaxWarning: invalid escape sequence '\s'
  words = re.split('\s+', line)
. Variables and constants in RAM (global, static), used 28008 / 80192 bytes (34%)
║   SEGMENT  BYTES    DESCRIPTION
╠══ DATA     1496     initialized variables
╠══ RODATA   920      constants       
╚══ BSS      25592    zeroed variables
. Instruction RAM (IRAM_ATTR, ICACHE_RAM_ATTR), used 59143 / 65536 bytes (90%)
║   SEGMENT  BYTES    DESCRIPTION
╠══ ICACHE   32768    reserved space for flash instruction cache
╚══ IRAM     26375    code in IRAM    
. Code in flash (default, ICACHE_FLASH_ATTR), used 231620 / 1048576 bytes (22%)
║   SEGMENT  BYTES    DESCRIPTION
╚══ IROM     231620   code in flash   
SUCCESS: ./others/compile/compile.ino (esp8266:esp8266:arduino-esp8266)
-----------------------------
Compiling ./others/compile/compile.ino for rp2040:rp2040:rpipico:os=freertos...
Sketch uses 65848 bytes (3%) of program storage space. Maximum is 2093056 bytes.
Global variables use 17592 bytes (6%) of dynamic memory, leaving 244552 bytes for local variables. Maximum is 262144 bytes.
SUCCESS: ./others/compile/compile.ino (rp2040:rp2040:rpipico:os=freertos)
-----------------------------
Compiling ./others/compile/compile.ino for arduino:renesas_uno:unor4wifi...
Sketch uses 51872 bytes (19%) of program storage space. Maximum is 262144 bytes.
Global variables use 6804 bytes (20%) of dynamic memory, leaving 25964 bytes for local variables. Maximum is 32768 bytes.
SUCCESS: ./others/compile/compile.ino (arduino:renesas_uno:unor4wifi)
-----------------------------
Compiling ./others/compile/compile.ino for arduino:zephyr_main:nano33ble...
Sketch uses 1664 bytes (1%) of program storage space. Maximum is 98304 bytes.
Global variables use 484 bytes (0%) of dynamic memory, leaving 130588 bytes for local variables. Maximum is 131072 bytes.
SUCCESS: ./others/compile/compile.ino (arduino:zephyr_main:nano33ble)
-----------------------------
Compiling ./others/compile/compile.ino for STMicroelectronics:stm32:GenF4:pnum=BLACKPILL_F411CE...
Sketch uses 9180 bytes (1%) of program storage space. Maximum is 524288 bytes.
Global variables use 1268 bytes (0%) of dynamic memory, leaving 129804 bytes for local variables. Maximum is 131072 bytes.
SUCCESS: ./others/compile/compile.ino (STMicroelectronics:stm32:GenF4:pnum=BLACKPILL_F411CE)
-----------------------------
